2022-Jul-22 20:52:42 +0300 CREAM.local INFO [journal.handler] - 
-=[ journal started successfully using the development profile ]=-
2022-Jul-22 21:03:17 +0300 UnknownHost INFO [journal.routes.home] - Accessed ++++++++  /login
2022-Jul-22 21:04:00 +0300 UnknownHost INFO [journal.handler] - journal is shutting down...
2022-Jul-22 21:04:00 +0300 UnknownHost INFO [journal.handler] - shutdown complete!
2022-Jul-22 21:04:41 +0300 UnknownHost INFO [journal.handler] - 
-=[ journal started successfully using the development profile ]=-
2022-Jul-22 21:31:49 +0300 UnknownHost INFO [journal.handler] - journal is shutting down...
2022-Jul-22 21:31:54 +0300 UnknownHost INFO [journal.handler] - shutdown complete!
2022-Jul-22 21:32:22 +0300 UnknownHost INFO [journal.handler] - 
-=[ journal started successfully using the development profile ]=-
2022-Jul-22 21:36:54 +0300 UnknownHost INFO [journal.handler] - journal is shutting down...
2022-Jul-22 21:36:59 +0300 UnknownHost INFO [journal.handler] - shutdown complete!
2022-Jul-22 21:37:54 +0300 UnknownHost INFO [journal.handler] - 
-=[ journal started successfully using the development profile ]=-
2022-Jul-22 21:50:22 +0300 UnknownHost INFO [journal.handler] - journal is shutting down...
2022-Jul-22 21:50:27 +0300 UnknownHost INFO [journal.handler] - shutdown complete!
2022-Jul-23 03:01:44 +0300 UnknownHost INFO [journal.handler] - 
-=[ journal started successfully using the development profile ]=-
2022-Jul-23 03:12:13 +0300 UnknownHost INFO [journal.routes.home] - Accessed ++++++++  /login
2022-Jul-23 03:12:23 +0300 UnknownHost INFO [journal.routes.home] - Accessed ++++++++  /login
2022-Jul-23 03:13:15 +0300 UnknownHost INFO [journal.handler] - journal is shutting down...
2022-Jul-23 03:13:20 +0300 UnknownHost INFO [journal.handler] - shutdown complete!
2022-Jul-23 03:13:50 +0300 UnknownHost INFO [journal.handler] - 
-=[ journal started successfully using the development profile ]=-
2022-Jul-23 03:21:18 +0300 UnknownHost INFO [journal.routes.home] - Accessed ++++++++  /login
2022-Jul-23 03:23:01 +0300 UnknownHost INFO [journal.routes.home] - Accessed ++++++++  /login
2022-Jul-23 03:23:42 +0300 UnknownHost INFO [journal.routes.home] - Accessed ++++++++  /login
2022-Jul-23 03:24:57 +0300 UnknownHost INFO [journal.handler] - journal is shutting down...
2022-Jul-23 03:25:02 +0300 UnknownHost INFO [journal.handler] - shutdown complete!
2022-Jul-23 03:25:49 +0300 UnknownHost INFO [journal.handler] - 
-=[ journal started successfully using the development profile ]=-
2022-Jul-23 21:33:55 +0300 UnknownHost INFO [journal.handler] - journal is shutting down...
2022-Jul-23 21:34:00 +0300 UnknownHost INFO [journal.handler] - shutdown complete!
